[01:42:58] [User Authenticator #4/INFO]: UUID of player PADUCK_HARAI is c7daa6d8-ba80-4c8c-a804-4d6db5458936
[01:42:58] [Server thread/INFO]: PADUCK_HARAI[/182.31.41.48:49766] logged in with entity id 6261 at ([world]-16.906911011058124, 66.0, -238.76609226893294)
[01:45:27] [Server thread/INFO]: PADUCK_HARAI has made the advancement [Stone Age]
[01:47:19] [Server thread/INFO]: PADUCK_HARAI has made the advancement [Acquire Hardware]
[01:49:14] [Server thread/INFO]: PADUCK_HARAI drowned
[01:49:21] [User Authenticator #5/INFO]: UUID of player neomind75 is 6833b4e9-4dea-42a6-bbdf-b084d7abfb22
[01:49:21] [Server thread/INFO]: neomind75[/112.168.225.237:11989] logged in with entity id 7916 at ([world]92.15879560588881, 67.9375, -51.655501501828816)
[01:49:34] [Async Chat Thread - #0/INFO]: <PADUCK_HARAI> gd[m
[01:49:37] [Async Chat Thread - #0/INFO]: <neomind75> gd[m
[01:49:40] [Server thread/INFO]: neomind75 issued server command: /save-all
[01:49:40] [Server thread/INFO]: [neomind75: Saved the game]
[01:52:10] [Server thread/INFO]: PADUCK_HARAI lost connection: Disconnected
[01:52:10] [Server thread/INFO]: PADUCK_HARAI left the game
[01:55:23] [Server thread/INFO]: Villager EntityVillager['Villager'/199, l='ServerLevel[world]', x=65.74, y=79.00, z=-165.70] died, message: 'Villager was slain by Zombie'
[01:57:17] [Server thread/INFO]: neomind75 lost connection: Disconnected
[01:57:17] [Server thread/INFO]: neomind75 left the game
[03:03:45] [User Authenticator #6/INFO]: UUID of player neomind75 is 6833b4e9-4dea-42a6-bbdf-b084d7abfb22
[03:03:45] [Server thread/INFO]: neomind75[/112.168.225.237:12937] logged in with entity id 9590 at ([world]92.5, 68.0, -52.5)
[08:25:44] [User Authenticator #7/INFO]: UUID of player 0x144 is 54edfd83-ab2f-4617-932a-7218771a4d80
[08:25:44] [Server thread/INFO]: 0x144[/175.195.219.248:5063] logged in with entity id 33127 at ([world]236.224516746149, 81.0, -253.75346389626148)
[08:25:45] [Server thread/INFO]: Skipping update from removed player 'EntityPlayer['0x144'/33127, l='ServerLevel[world]', x=236.22, y=81.00, z=-253.75, removed=KILLED](0x144 at 236.224516746149,81.0,-253.75346389626148)'
[08:28:12] [Server thread/INFO]: 0x144 has made the advancement [Sweet Dreams]
[08:29:49] [Server thread/INFO]: 0x144 has made the advancement [Stone Age]
[08:30:07] [Server thread/INFO]: 0x144 lost connection: Disconnected
[08:30:07] [Server thread/INFO]: 0x144 left the game
[11:04:32] [Server thread/INFO]: neomind75 issued server command: /save-all
[11:04:32] [Server thread/INFO]: [neomind75: Saved the game]
[13:16:26] [Server thread/INFO]: neomind75 issued server command: /save-all
[13:16:26] [Server thread/INFO]: [neomind75: Saved the game]
[13:16:29] [Server thread/INFO]: neomind75 lost connection: Disconnected
[13:16:29] [Server thread/INFO]: neomind75 left the game
[14:21:32] [User Authenticator #8/INFO]: UUID of player neomind75 is 6833b4e9-4dea-42a6-bbdf-b084d7abfb22
[14:21:33] [Server thread/INFO]: neomind75[/112.168.225.237:9965] logged in with entity id 52155 at ([world]148.97605280323089, 15.5625, -51.30000001192093)
[15:18:37] [Async Chat Thread - #1/INFO]: <neomind75> 님아[m
[15:28:58] [Server thread/INFO]: neomind75 has made the advancement [Suit Up]
[15:29:41] [Server thread/INFO]: neomind75 issued server command: /save-all
[15:29:41] [Server thread/INFO]: [neomind75: Saved the game]
[15:29:47] [Server thread/INFO]: neomind75 lost connection: Disconnected
[15:29:47] [Server thread/INFO]: neomind75 left the game
[16:25:21] [User Authenticator #9/INFO]: UUID of player neomind75 is 6833b4e9-4dea-42a6-bbdf-b084d7abfb22
[16:25:21] [Server thread/INFO]: neomind75[/112.168.225.237:4731] logged in with entity id 57259 at ([world]149.69999998807907, 15.5625, -51.30000001192093)
[16:32:39] [User Authenticator #10/INFO]: UUID of player 0x144 is 54edfd83-ab2f-4617-932a-7218771a4d80
[16:32:39] [Server thread/INFO]: 0x144[/175.195.219.248:13211] logged in with entity id 58274 at ([world]-29.058643637060705, 60.0, -87.66812174842103)
[16:32:42] [Async Chat Thread - #2/INFO]: <neomind75> gds[m
[16:33:04] [Server thread/INFO]: Villager EntityVillager['Villager'/57293, l='ServerLevel[world]', x=82.58, y=76.00, z=-204.30] died, message: 'Villager was slain by Zombie'
[16:37:06] [Server thread/INFO]: 0x144 has made the advancement [Getting an Upgrade]
[16:37:23] [Async Chat Thread - #3/INFO]: <neomind75> 머라고[m
[16:37:27] [Server thread/INFO]: neomind75 issued server command: /save-all
[16:37:27] [Server thread/INFO]: [neomind75: Saved the game]
[16:43:10] [Async Chat Thread - #4/INFO]: <neomind75> sex[m
[16:43:36] [Async Chat Thread - #4/INFO]: <neomind75> 석탄 y=90인가에서 캐야댐[m
[16:43:47] [Async Chat Thread - #4/INFO]: <neomind75> 야ㅕㅇ치하고잇음[m
[16:43:56] [Async Chat Thread - #4/INFO]: <neomind75> dd[m
[16:44:04] [Async Chat Thread - #4/INFO]: <neomind75> 공기중에는 노출 거의없고[m
[16:44:10] [Async Chat Thread - #4/INFO]: <neomind75> 높은곳에서 많이나온대요[m
[16:56:28] [Server thread/INFO]: neomind75 has made the advancement [A Seedy Place]
[16:56:36] [Async Chat Thread - #5/INFO]: <neomind75> sex[m
[16:59:07] [Async Chat Thread - #6/INFO]: <neomind75> 밥줘[m
[16:59:16] [Server thread/INFO]: 0x144 lost connection: Disconnected
[16:59:16] [Server thread/INFO]: 0x144 left the game
[17:11:31] [User Authenticator #11/INFO]: UUID of player 0x144 is 54edfd83-ab2f-4617-932a-7218771a4d80
[17:11:31] [Server thread/INFO]: 0x144[/175.195.219.248:8201] logged in with entity id 66859 at ([world]-26.418100778862144, 63.0, -67.80021847871257)
[17:14:02] [User Authenticator #12/INFO]: UUID of player PADUCK_HARAI is c7daa6d8-ba80-4c8c-a804-4d6db5458936
[17:14:02] [Server thread/INFO]: PADUCK_HARAI[/182.31.41.48:60435] logged in with entity id 67355 at ([world]-42.141208965025314, 71.0, -168.92684227857714)
[17:14:09] [Async Chat Thread - #7/INFO]: <neomind75> gd[m
[17:15:11] [Server thread/INFO]: 0x144 has made the advancement [Acquire Hardware]
[17:18:38] [Server thread/INFO]: PADUCK_HARAI lost connection: Disconnected
[17:18:38] [Server thread/INFO]: PADUCK_HARAI left the game
[17:18:43] [Server thread/INFO]: 0x144 has made the advancement [Suit Up]
[17:18:51] [Server thread/INFO]: 0x144 has made the advancement [Isn't It Iron Pick]
[17:31:58] [Server thread/INFO]: 0x144 lost connection: Disconnected
[17:31:58] [Server thread/INFO]: 0x144 left the game
[17:43:20] [Server thread/INFO]: neomind75 issued server command: /save-all
[17:43:21] [Server thread/INFO]: [neomind75: Saved the game]
[17:44:31] [Server thread/INFO]: neomind75 issued server command: /save-all
[17:44:31] [Server thread/INFO]: [neomind75: Saved the game]
[17:44:34] [Server thread/INFO]: neomind75 lost connection: Disconnected
[17:44:34] [Server thread/INFO]: neomind75 left the game
